0 info it worked if it ends with ok
1 verbose cli [ 'node', '/usr/local/bin/npm', 'publish', './' ]
2 info using npm@1.4.14
3 info using node@v0.10.10
4 verbose publish [ './' ]
5 verbose cache add [ './', null ]
6 verbose cache add name=undefined spec="./" args=["./",null]
7 verbose parsed url { protocol: null,
7 verbose parsed url   slashes: null,
7 verbose parsed url   auth: null,
7 verbose parsed url   host: null,
7 verbose parsed url   port: null,
7 verbose parsed url   hostname: null,
7 verbose parsed url   hash: null,
7 verbose parsed url   search: null,
7 verbose parsed url   query: null,
7 verbose parsed url   pathname: './',
7 verbose parsed url   path: './',
7 verbose parsed url   href: './' }
8 silly lockFile 0ee6c175- ./
9 verbose lock ./ /Users/scottrouse/.npm/0ee6c175-.lock
10 verbose tar pack [ '/Users/scottrouse/.npm/protocode/0.0.1/package.tgz', './' ]
11 verbose tarball /Users/scottrouse/.npm/protocode/0.0.1/package.tgz
12 verbose folder ./
13 info prepublish protocode@0.0.1
14 silly lockFile 04cb2bca-tar tar://./
15 verbose lock tar://./ /Users/scottrouse/.npm/04cb2bca-tar.lock
16 silly lockFile 911b3e85--npm-protocode-0-0-1-package-tgz tar:///Users/scottrouse/.npm/protocode/0.0.1/package.tgz
17 verbose lock tar:///Users/scottrouse/.npm/protocode/0.0.1/package.tgz /Users/scottrouse/.npm/911b3e85--npm-protocode-0-0-1-package-tgz.lock
18 silly lockFile 04cb2bca-tar tar://./
19 silly lockFile 04cb2bca-tar tar://./
20 silly lockFile 911b3e85--npm-protocode-0-0-1-package-tgz tar:///Users/scottrouse/.npm/protocode/0.0.1/package.tgz
21 silly lockFile 911b3e85--npm-protocode-0-0-1-package-tgz tar:///Users/scottrouse/.npm/protocode/0.0.1/package.tgz
22 silly lockFile d03355a1-ouse-npm-protocode-0-0-1-package /Users/scottrouse/.npm/protocode/0.0.1/package
23 verbose lock /Users/scottrouse/.npm/protocode/0.0.1/package /Users/scottrouse/.npm/d03355a1-ouse-npm-protocode-0-0-1-package.lock
24 silly lockFile d03355a1-ouse-npm-protocode-0-0-1-package /Users/scottrouse/.npm/protocode/0.0.1/package
25 silly lockFile d03355a1-ouse-npm-protocode-0-0-1-package /Users/scottrouse/.npm/protocode/0.0.1/package
26 silly lockFile 0ee6c175- ./
27 silly lockFile 0ee6c175- ./
28 silly publish { name: 'protocode',
28 silly publish   description: 'protocode',
28 silly publish   author: { name: 'srouse' },
28 silly publish   version: '0.0.1',
28 silly publish   dependencies: { jquery: '1.11.3', routestate: '0.3.2' },
28 silly publish   devDependencies: {},
28 silly publish   main: 'dist/index.html',
28 silly publish   scripts: { test: 'echo "Error: no test specified" && exit 1' },
28 silly publish   repository:
28 silly publish    { type: 'git',
28 silly publish      url: 'https://srouse@github.com/srouse/protocode.git' },
28 silly publish   license: 'ISC',
28 silly publish   bugs: { url: 'https://github.com/srouse/protocode/issues' },
28 silly publish   homepage: 'https://github.com/srouse/protocode',
28 silly publish   directories: { example: 'example' },
28 silly publish   gitHead: 'dcf61db1cc021a34cf570eac6f0dbc9dc96a9c93',
28 silly publish   readme: 'ERROR: No README data found!',
28 silly publish   _id: 'protocode@0.0.1',
28 silly publish   _shasum: '4db63a2991bb648149130b57dbd1b40270edcdb3',
28 silly publish   _from: './' }
29 verbose url raw protocode
30 verbose url resolving [ 'https://registry.npmjs.org/', './protocode' ]
31 verbose url resolved https://registry.npmjs.org/protocode
32 info trying registry request attempt 1 at 15:54:37
33 http PUT https://registry.npmjs.org/protocode
34 http 403 https://registry.npmjs.org/protocode
35 verbose headers { 'content-type': 'application/json',
35 verbose headers   'cache-control': 'max-age=60',
35 verbose headers   'content-length': '95',
35 verbose headers   'accept-ranges': 'bytes',
35 verbose headers   date: 'Fri, 03 Jul 2015 20:54:40 GMT',
35 verbose headers   via: '1.1 varnish',
35 verbose headers   connection: 'keep-alive',
35 verbose headers   'x-served-by': 'cache-ord1721-ORD',
35 verbose headers   'x-cache': 'MISS',
35 verbose headers   'x-cache-hits': '0',
35 verbose headers   'x-timer': 'S1435956879.024935,VS0,VE1254' }
36 error publish Failed PUT 403
37 error Error: "You cannot publish over the previously published version 0.0.1." : protocode
37 error     at RegClient.<anonymous> (/usr/local/lib/node_modules/npm/node_modules/npm-registry-client/lib/request.js:274:14)
37 error     at Request._callback (/usr/local/lib/node_modules/npm/node_modules/npm-registry-client/lib/request.js:212:65)
37 error     at Request.self.callback (/usr/local/lib/node_modules/npm/node_modules/request/request.js:123:22)
37 error     at Request.EventEmitter.emit (events.js:98:17)
37 error     at Request.<anonymous> (/usr/local/lib/node_modules/npm/node_modules/request/request.js:893:14)
37 error     at Request.EventEmitter.emit (events.js:117:20)
37 error     at IncomingMessage.<anonymous> (/usr/local/lib/node_modules/npm/node_modules/request/request.js:844:12)
37 error     at IncomingMessage.EventEmitter.emit (events.js:117:20)
37 error     at _stream_readable.js:910:16
37 error     at process._tickCallback (node.js:415:13)
38 error If you need help, you may report this *entire* log,
38 error including the npm and node versions, at:
38 error     <http://github.com/npm/npm/issues>
39 error System Darwin 14.3.0
40 error command "node" "/usr/local/bin/npm" "publish" "./"
41 error cwd /Users/scottrouse/ACTIVE/_workspace/protocode
42 error node -v v0.10.10
43 error npm -v 1.4.14
44 verbose exit [ 1, true ]
